<?xml version="1.0" encoding="UTF-8"?>
<!-- Generated by org.testng.reporters.JUnitReportReporter -->
<testsuite hostname="LAPTOP-80E7LL97" failures="0" tests="2" name="TESTngPractis.BaseTest" time="0.009" errors="0" timestamp="30 Jan 2019 23:54:37 GMT" skipped="0">
  <testcase classname="TESTngPractis.BaseTest" name="a" time="0.006"/>
  <testcase classname="TESTngPractis.BaseTest" name="test1" time="0.003"/>
</testsuite> <!-- TESTngPractis.BaseTest -->
