<?xml version="1.0" encoding="UTF-8"?>
<!-- Generated by org.testng.reporters.JUnitReportReporter -->
<testsuite hostname="LAPTOP-80E7LL97" failures="0" tests="2" name="TESTngPractis.RegrationTest" time="12.711" errors="0" timestamp="30 Jan 2019 23:32:08 GMT" skipped="0">
  <testcase classname="TESTngPractis.RegrationTest" name="test2" time="7.726"/>
  <testcase classname="TESTngPractis.RegrationTest" name="test3" time="4.985"/>
</testsuite> <!-- TESTngPractis.RegrationTest -->
